2023-02-19 23:03:41.350 org.springframework.boot.StartupInfoLogger:logStarting:55 [main] INFO  Starting BaasManagerApplication using Java 1.8.0_341 on Yaffs-Gao-MacBook-Pro.local with PID 48306 (/Users/admin/Workspace/java/github.com/baas/baas-manager/target/classes started by admin in /Users/admin/Workspace/java/github.com/baas)
2023-02-19 23:03:41.353 org.springframework.boot.SpringApplication:logStartupProfileInfo:637 [main] INFO  The following 2 profiles are active: "db", "dynamictp"
2023-02-19 23:03:45.409 org.springframework.data.repository.config.RepositoryConfigurationDelegate:multipleStoresDetected:262 [main] INFO  Multiple Spring Data modules found, entering strict repository configuration mode
2023-02-19 23:03:45.416 org.springframework.data.repository.config.RepositoryConfigurationDelegate:registerRepositoriesIn:132 [main] INFO  Bootstrapping Spring Data Redis repositories in DEFAULT mode.
2023-02-19 23:03:45.467 org.springframework.data.repository.config.RepositoryConfigurationDelegate:registerRepositoriesIn:201 [main] INFO  Finished Spring Data repository scanning in 17 ms. Found 0 Redis repository interfaces.
2023-02-19 23:03:46.515 org.springframework.context.support.PostProcessorRegistrationDelegate$BeanPostProcessorChecker:postProcessAfterInitialization:376 [main] INFO  Bean 'spring.datasource.dynamic-com.baomidou.dynamic.datasource.spring.boot.autoconfigure.DynamicDataSourceProperties' of type [com.baomidou.dynamic.datasource.spring.boot.autoconfigure.DynamicDataSourceProperties] is not eligible for getting processed by all BeanPostProcessors (for example: not eligible for auto-proxying)
2023-02-19 23:03:46.527 org.springframework.context.support.PostProcessorRegistrationDelegate$BeanPostProcessorChecker:postProcessAfterInitialization:376 [main] INFO  Bean 'com.baomidou.dynamic.datasource.spring.boot.autoconfigure.DynamicDataSourceAutoConfiguration' of type [com.baomidou.dynamic.datasource.spring.boot.autoconfigure.DynamicDataSourceAutoConfiguration$$EnhancerBySpringCGLIB$$605166ab] is not eligible for getting processed by all BeanPostProcessors (for example: not eligible for auto-proxying)
2023-02-19 23:03:46.561 org.springframework.context.support.PostProcessorRegistrationDelegate$BeanPostProcessorChecker:postProcessAfterInitialization:376 [main] INFO  Bean 'dsProcessor' of type [com.baomidou.dynamic.datasource.processor.DsHeaderProcessor] is not eligible for getting processed by all BeanPostProcessors (for example: not eligible for auto-proxying)
2023-02-19 23:03:46.573 org.springframework.context.support.PostProcessorRegistrationDelegate$BeanPostProcessorChecker:postProcessAfterInitialization:376 [main] INFO  Bean 'com.dtp.starter.common.autoconfigure.BaseBeanAutoConfiguration' of type [com.dtp.starter.common.autoconfigure.BaseBeanAutoConfiguration$$EnhancerBySpringCGLIB$$fbb6e8c5] is not eligible for getting processed by all BeanPostProcessors (for example: not eligible for auto-proxying)
2023-02-19 23:03:46.580 org.springframework.context.support.PostProcessorRegistrationDelegate$BeanPostProcessorChecker:postProcessAfterInitialization:376 [main] INFO  Bean 'dtpApplicationContextHolder' of type [com.dtp.common.ApplicationContextHolder] is not eligible for getting processed by all BeanPostProcessors (for example: not eligible for auto-proxying)
2023-02-19 23:03:47.254 org.springframework.boot.web.embedded.tomcat.TomcatWebServer:initialize:108 [main] INFO  Tomcat initialized with port(s): 8081 (http)
2023-02-19 23:03:47.268 org.apache.juli.logging.DirectJDKLog:log:173 [main] INFO  Initializing ProtocolHandler ["http-nio-8081"]
2023-02-19 23:03:47.269 org.apache.juli.logging.DirectJDKLog:log:173 [main] INFO  Starting service [Tomcat]
2023-02-19 23:03:47.270 org.apache.juli.logging.DirectJDKLog:log:173 [main] INFO  Starting Servlet engine: [Apache Tomcat/9.0.71]
2023-02-19 23:03:47.520 org.apache.juli.logging.DirectJDKLog:log:173 [main] INFO  Initializing Spring embedded WebApplicationContext
2023-02-19 23:03:47.521 org.springframework.boot.web.servlet.context.ServletWebServerApplicationContext:prepareWebApplicationContext:292 [main] INFO  Root WebApplicationContext: initialization completed in 6087 ms
2023-02-19 23:03:47.755 com.zaxxer.hikari.HikariDataSource:<init>:80 [main] INFO  master - Starting...
2023-02-19 23:03:48.363 com.zaxxer.hikari.HikariDataSource:<init>:82 [main] INFO  master - Start completed.
2023-02-19 23:03:48.368 com.zaxxer.hikari.HikariDataSource:<init>:80 [main] INFO  slave - Starting...
2023-02-19 23:03:48.398 com.zaxxer.hikari.HikariDataSource:<init>:82 [main] INFO  slave - Start completed.
2023-02-19 23:03:48.399 com.baomidou.dynamic.datasource.DynamicRoutingDataSource:addDataSource:154 [main] INFO  dynamic-datasource - add a datasource named [slave] success
2023-02-19 23:03:48.399 com.baomidou.dynamic.datasource.DynamicRoutingDataSource:addDataSource:154 [main] INFO  dynamic-datasource - add a datasource named [master] success
2023-02-19 23:03:48.399 com.baomidou.dynamic.datasource.DynamicRoutingDataSource:afterPropertiesSet:234 [main] INFO  dynamic-datasource initial loaded [2] datasource,primary datasource named [master]
2023-02-19 23:03:49.329 org.redisson.Version:logVersion:41 [main] INFO  Redisson 3.17.7
2023-02-19 23:03:54.866 org.redisson.connection.pool.ConnectionPool:lambda$createConnection$1:161 [redisson-netty-2-7] INFO  1 connections initialized for 127.0.0.1/127.0.0.1:6379
2023-02-19 23:03:54.970 org.redisson.connection.pool.ConnectionPool:lambda$createConnection$1:161 [redisson-netty-2-3] INFO  32 connections initialized for 127.0.0.1/127.0.0.1:6379
2023-02-19 23:03:55.720 com.dtp.core.DtpRegistry:registerDtp:94 [main] INFO  DynamicTp register dtpExecutor, source: beanPostProcessor, executor: DtpMainProp(threadPoolName=dtpExecutor1, corePoolSize=6, maxPoolSize=8, keepAliveTime=50, queueType=VariableLinkedBlockingQueue, queueCapacity=200, rejectType=CallerRunsPolicy, allowCoreThreadTimeOut=false)
2023-02-19 23:04:16.353 com.dtp.core.support.DtpBannerPrinter:afterPropertiesSet:42 [main] INFO  
|  __ \                            (_) |__   __|   
| |  | |_   _ _ __   __ _ _ __ ___  _  ___| |_ __  
| |  | | | | | '_ \ / _` | '_ ` _ \| |/ __| | '_ \ 
| |__| | |_| | | | | (_| | | | | | | | (__| | |_) |
|_____/ \__, |_| |_|\__,_|_| |_| |_|_|\___|_| .__/ 
         __/ |                              | |    
        |___/                               |_|    
[32m :: Dynamic Thread Pool :: [39;2;0;39m
2023-02-19 23:04:17.555 org.springframework.boot.actuate.endpoint.web.EndpointLinksResolver:<init>:58 [main] INFO  Exposing 1 endpoint(s) beneath base path '/actuator'
2023-02-19 23:04:17.638 org.apache.juli.logging.DirectJDKLog:log:173 [main] INFO  Starting ProtocolHandler ["http-nio-8081"]
2023-02-19 23:04:17.666 org.springframework.boot.web.embedded.tomcat.TomcatWebServer:start:220 [main] INFO  Tomcat started on port(s): 8081 (http) with context path ''
2023-02-19 23:04:17.701 org.springframework.boot.StartupInfoLogger:logStarted:61 [main] INFO  Started BaasManagerApplication in 57.832 seconds (JVM running for 65.18)
2023-02-19 23:04:17.734 com.dtp.core.DtpRegistry:run:297 [main] INFO  DtpRegistry initialization end, remote dtpExecutors: [dtpExecutor1], local dtpExecutors: [], local commonExecutors: []
2023-02-19 23:05:32.531 com.dtp.core.spring.DtpLifecycleSupport:internalShutdown:95 [SpringApplicationShutdownHook] INFO  Shutting down ExecutorService, poolName: dtpExecutor1
2023-02-19 23:05:32.581 com.baomidou.dynamic.datasource.DynamicRoutingDataSource:destroy:211 [SpringApplicationShutdownHook] INFO  dynamic-datasource start closing ....
2023-02-19 23:05:32.582 com.zaxxer.hikari.HikariDataSource:close:350 [SpringApplicationShutdownHook] INFO  slave - Shutdown initiated...
2023-02-19 23:05:32.600 com.zaxxer.hikari.HikariDataSource:close:352 [SpringApplicationShutdownHook] INFO  slave - Shutdown completed.
2023-02-19 23:05:32.600 com.zaxxer.hikari.HikariDataSource:close:350 [SpringApplicationShutdownHook] INFO  master - Shutdown initiated...
2023-02-19 23:05:32.611 com.zaxxer.hikari.HikariDataSource:close:352 [SpringApplicationShutdownHook] INFO  master - Shutdown completed.
2023-02-19 23:05:32.611 com.baomidou.dynamic.datasource.DynamicRoutingDataSource:destroy:215 [SpringApplicationShutdownHook] INFO  dynamic-datasource all closed success,bye
2023-02-19 23:13:33.935 org.springframework.boot.StartupInfoLogger:logStarting:55 [main] INFO  Starting BaasManagerApplication using Java 1.8.0_341 on Yaffs-Gao-MacBook-Pro.local with PID 49701 (/Users/admin/Workspace/java/github.com/baas/baas-manager/target/classes started by admin in /Users/admin/Workspace/java/github.com/baas)
2023-02-19 23:13:33.937 org.springframework.boot.SpringApplication:logStartupProfileInfo:637 [main] INFO  The following 2 profiles are active: "db", "dynamictp"
2023-02-19 23:13:35.636 org.springframework.data.repository.config.RepositoryConfigurationDelegate:multipleStoresDetected:262 [main] INFO  Multiple Spring Data modules found, entering strict repository configuration mode
2023-02-19 23:13:35.641 org.springframework.data.repository.config.RepositoryConfigurationDelegate:registerRepositoriesIn:132 [main] INFO  Bootstrapping Spring Data Redis repositories in DEFAULT mode.
2023-02-19 23:13:35.690 org.springframework.data.repository.config.RepositoryConfigurationDelegate:registerRepositoriesIn:201 [main] INFO  Finished Spring Data repository scanning in 18 ms. Found 0 Redis repository interfaces.
2023-02-19 23:13:36.493 org.springframework.context.support.PostProcessorRegistrationDelegate$BeanPostProcessorChecker:postProcessAfterInitialization:376 [main] INFO  Bean 'spring.datasource.dynamic-com.baomidou.dynamic.datasource.spring.boot.autoconfigure.DynamicDataSourceProperties' of type [com.baomidou.dynamic.datasource.spring.boot.autoconfigure.DynamicDataSourceProperties] is not eligible for getting processed by all BeanPostProcessors (for example: not eligible for auto-proxying)
2023-02-19 23:13:36.501 org.springframework.context.support.PostProcessorRegistrationDelegate$BeanPostProcessorChecker:postProcessAfterInitialization:376 [main] INFO  Bean 'com.baomidou.dynamic.datasource.spring.boot.autoconfigure.DynamicDataSourceAutoConfiguration' of type [com.baomidou.dynamic.datasource.spring.boot.autoconfigure.DynamicDataSourceAutoConfiguration$$EnhancerBySpringCGLIB$$42207cb5] is not eligible for getting processed by all BeanPostProcessors (for example: not eligible for auto-proxying)
2023-02-19 23:13:36.525 org.springframework.context.support.PostProcessorRegistrationDelegate$BeanPostProcessorChecker:postProcessAfterInitialization:376 [main] INFO  Bean 'dsProcessor' of type [com.baomidou.dynamic.datasource.processor.DsHeaderProcessor] is not eligible for getting processed by all BeanPostProcessors (for example: not eligible for auto-proxying)
2023-02-19 23:13:36.535 org.springframework.context.support.PostProcessorRegistrationDelegate$BeanPostProcessorChecker:postProcessAfterInitialization:376 [main] INFO  Bean 'com.dtp.starter.common.autoconfigure.BaseBeanAutoConfiguration' of type [com.dtp.starter.common.autoconfigure.BaseBeanAutoConfiguration$$EnhancerBySpringCGLIB$$dd85fecf] is not eligible for getting processed by all BeanPostProcessors (for example: not eligible for auto-proxying)
2023-02-19 23:13:36.540 org.springframework.context.support.PostProcessorRegistrationDelegate$BeanPostProcessorChecker:postProcessAfterInitialization:376 [main] INFO  Bean 'dtpApplicationContextHolder' of type [com.dtp.common.ApplicationContextHolder] is not eligible for getting processed by all BeanPostProcessors (for example: not eligible for auto-proxying)
2023-02-19 23:13:37.140 org.springframework.boot.web.embedded.tomcat.TomcatWebServer:initialize:108 [main] INFO  Tomcat initialized with port(s): 8081 (http)
2023-02-19 23:13:37.154 org.apache.juli.logging.DirectJDKLog:log:173 [main] INFO  Initializing ProtocolHandler ["http-nio-8081"]
2023-02-19 23:13:37.155 org.apache.juli.logging.DirectJDKLog:log:173 [main] INFO  Starting service [Tomcat]
2023-02-19 23:13:37.156 org.apache.juli.logging.DirectJDKLog:log:173 [main] INFO  Starting Servlet engine: [Apache Tomcat/9.0.71]
2023-02-19 23:13:37.471 org.apache.juli.logging.DirectJDKLog:log:173 [main] INFO  Initializing Spring embedded WebApplicationContext
2023-02-19 23:13:37.472 org.springframework.boot.web.servlet.context.ServletWebServerApplicationContext:prepareWebApplicationContext:292 [main] INFO  Root WebApplicationContext: initialization completed in 3484 ms
2023-02-19 23:13:37.805 com.zaxxer.hikari.HikariDataSource:<init>:80 [main] INFO  master - Starting...
2023-02-19 23:13:38.326 com.zaxxer.hikari.HikariDataSource:<init>:82 [main] INFO  master - Start completed.
2023-02-19 23:13:38.331 com.zaxxer.hikari.HikariDataSource:<init>:80 [main] INFO  slave - Starting...
2023-02-19 23:13:38.363 com.zaxxer.hikari.HikariDataSource:<init>:82 [main] INFO  slave - Start completed.
2023-02-19 23:13:38.363 com.baomidou.dynamic.datasource.DynamicRoutingDataSource:addDataSource:154 [main] INFO  dynamic-datasource - add a datasource named [slave] success
2023-02-19 23:13:38.364 com.baomidou.dynamic.datasource.DynamicRoutingDataSource:addDataSource:154 [main] INFO  dynamic-datasource - add a datasource named [master] success
2023-02-19 23:13:38.364 com.baomidou.dynamic.datasource.DynamicRoutingDataSource:afterPropertiesSet:234 [main] INFO  dynamic-datasource initial loaded [2] datasource,primary datasource named [master]
2023-02-19 23:13:39.214 org.redisson.Version:logVersion:41 [main] INFO  Redisson 3.17.7
2023-02-19 23:13:44.546 org.redisson.connection.pool.ConnectionPool:lambda$createConnection$1:161 [redisson-netty-2-7] INFO  1 connections initialized for 127.0.0.1/127.0.0.1:6379
2023-02-19 23:13:44.622 org.redisson.connection.pool.ConnectionPool:lambda$createConnection$1:161 [redisson-netty-2-3] INFO  32 connections initialized for 127.0.0.1/127.0.0.1:6379
2023-02-19 23:13:44.894 com.dtp.core.DtpRegistry:registerDtp:94 [main] INFO  DynamicTp register dtpExecutor, source: beanPostProcessor, executor: DtpMainProp(threadPoolName=dtpExecutor1, corePoolSize=10, maxPoolSize=20, keepAliveTime=50, queueType=VariableLinkedBlockingQueue, queueCapacity=200, rejectType=CallerRunsPolicy, allowCoreThreadTimeOut=false)
2023-02-19 23:14:05.619 com.dtp.core.support.DtpBannerPrinter:afterPropertiesSet:42 [main] INFO  
|  __ \                            (_) |__   __|   
| |  | |_   _ _ __   __ _ _ __ ___  _  ___| |_ __  
| |  | | | | | '_ \ / _` | '_ ` _ \| |/ __| | '_ \ 
| |__| | |_| | | | | (_| | | | | | | | (__| | |_) |
|_____/ \__, |_| |_|\__,_|_| |_| |_|_|\___|_| .__/ 
         __/ |                              | |    
        |___/                               |_|    
[32m :: Dynamic Thread Pool :: [39;2;0;39m
2023-02-19 23:14:07.331 org.springframework.boot.actuate.endpoint.web.EndpointLinksResolver:<init>:58 [main] INFO  Exposing 1 endpoint(s) beneath base path '/actuator'
2023-02-19 23:14:07.414 org.apache.juli.logging.DirectJDKLog:log:173 [main] INFO  Starting ProtocolHandler ["http-nio-8081"]
2023-02-19 23:14:07.432 org.springframework.boot.web.embedded.tomcat.TomcatWebServer:start:220 [main] INFO  Tomcat started on port(s): 8081 (http) with context path ''
2023-02-19 23:14:07.476 org.springframework.boot.StartupInfoLogger:logStarted:61 [main] INFO  Started BaasManagerApplication in 54.355 seconds (JVM running for 60.456)
2023-02-19 23:14:07.507 com.dtp.core.DtpRegistry:run:297 [main] INFO  DtpRegistry initialization end, remote dtpExecutors: [dtpExecutor1], local dtpExecutors: [], local commonExecutors: []
2023-02-19 23:14:07.944 org.apache.juli.logging.DirectJDKLog:log:173 [RMI TCP Connection(8)-192.168.124.13] INFO  Initializing Spring DispatcherServlet 'dispatcherServlet'
2023-02-19 23:14:07.945 org.springframework.web.servlet.FrameworkServlet:initServletBean:525 [RMI TCP Connection(8)-192.168.124.13] INFO  Initializing Servlet 'dispatcherServlet'
2023-02-19 23:14:07.948 org.springframework.web.servlet.FrameworkServlet:initServletBean:547 [RMI TCP Connection(8)-192.168.124.13] INFO  Completed initialization in 3 ms
2023-02-19 23:14:44.868 com.dtp.core.spring.DtpLifecycleSupport:internalShutdown:95 [SpringApplicationShutdownHook] INFO  Shutting down ExecutorService, poolName: dtpExecutor1
2023-02-19 23:14:44.943 com.baomidou.dynamic.datasource.DynamicRoutingDataSource:destroy:211 [SpringApplicationShutdownHook] INFO  dynamic-datasource start closing ....
2023-02-19 23:14:44.944 com.zaxxer.hikari.HikariDataSource:close:350 [SpringApplicationShutdownHook] INFO  slave - Shutdown initiated...
2023-02-19 23:14:45.001 com.zaxxer.hikari.HikariDataSource:close:352 [SpringApplicationShutdownHook] INFO  slave - Shutdown completed.
2023-02-19 23:14:45.002 com.zaxxer.hikari.HikariDataSource:close:350 [SpringApplicationShutdownHook] INFO  master - Shutdown initiated...
2023-02-19 23:14:45.010 com.zaxxer.hikari.HikariDataSource:close:352 [SpringApplicationShutdownHook] INFO  master - Shutdown completed.
2023-02-19 23:14:45.010 com.baomidou.dynamic.datasource.DynamicRoutingDataSource:destroy:215 [SpringApplicationShutdownHook] INFO  dynamic-datasource all closed success,bye
